<?xml version="1.0" encoding="UTF-8"?>
<robot generator="Robot 6.1.1 (Python 3.10.12 on linux)" generated="20231117 09:51:52.917" rpa="false" schemaversion="4">
<suite id="s1" name="Tests" source="/home/brotholi/gitprojects/ohtu-palautusrepositorio/viikko3/login-robot/src/tests">
<suite id="s1-s1" name="Login" source="/home/brotholi/gitprojects/ohtu-palautusrepositorio/viikko3/login-robot/src/tests/login.robot">
<test id="s1-s1-t1" name="Login With Correct Credentials" line="6">
<kw name="Create User And Input Login Command" type="SETUP">
<kw name="Create User" library="AppLibrary">
<arg>kalle</arg>
<arg>kalle123</arg>
<status status="PASS" starttime="20231117 09:51:52.931" endtime="20231117 09:51:52.931"/>
</kw>
<kw name="Input Login Command" library="resource">
<kw name="Input" library="AppLibrary">
<arg>login</arg>
<status status="PASS" starttime="20231117 09:51:52.932" endtime="20231117 09:51:52.932"/>
</kw>
<status status="PASS" starttime="20231117 09:51:52.931" endtime="20231117 09:51:52.932"/>
</kw>
<status status="PASS" starttime="20231117 09:51:52.931" endtime="20231117 09:51:52.932"/>
</kw>
<kw name="Input Credentials" library="resource">
<arg>kalle</arg>
<arg>kalle123</arg>
<kw name="Input" library="AppLibrary">
<arg>${username}</arg>
<status status="PASS" starttime="20231117 09:51:52.932" endtime="20231117 09:51:52.932"/>
</kw>
<kw name="Input" library="AppLibrary">
<arg>${password}</arg>
<status status="PASS" starttime="20231117 09:51:52.932" endtime="20231117 09:51:52.932"/>
</kw>
<kw name="Run Application" library="AppLibrary">
<status status="PASS" starttime="20231117 09:51:52.932" endtime="20231117 09:51:52.932"/>
</kw>
<status status="PASS" starttime="20231117 09:51:52.932" endtime="20231117 09:51:52.932"/>
</kw>
<kw name="Output Should Contain" library="AppLibrary">
<arg>Logged in</arg>
<status status="PASS" starttime="20231117 09:51:52.933" endtime="20231117 09:51:52.933"/>
</kw>
<status status="PASS" starttime="20231117 09:51:52.931" endtime="20231117 09:51:52.933"/>
</test>
<test id="s1-s1-t2" name="Login With Incorrect Password" line="10">
<kw name="Create User And Input Login Command" type="SETUP">
<kw name="Create User" library="AppLibrary">
<arg>kalle</arg>
<arg>kalle123</arg>
<status status="PASS" starttime="20231117 09:51:52.933" endtime="20231117 09:51:52.933"/>
</kw>
<kw name="Input Login Command" library="resource">
<kw name="Input" library="AppLibrary">
<arg>login</arg>
<status status="PASS" starttime="20231117 09:51:52.934" endtime="20231117 09:51:52.934"/>
</kw>
<status status="PASS" starttime="20231117 09:51:52.934" endtime="20231117 09:51:52.934"/>
</kw>
<status status="PASS" starttime="20231117 09:51:52.933" endtime="20231117 09:51:52.934"/>
</kw>
<kw name="Input Credentials" library="resource">
<arg>kalle</arg>
<arg>kalle789</arg>
<kw name="Input" library="AppLibrary">
<arg>${username}</arg>
<status status="PASS" starttime="20231117 09:51:52.934" endtime="20231117 09:51:52.934"/>
</kw>
<kw name="Input" library="AppLibrary">
<arg>${password}</arg>
<status status="PASS" starttime="20231117 09:51:52.934" endtime="20231117 09:51:52.934"/>
</kw>
<kw name="Run Application" library="AppLibrary">
<status status="PASS" starttime="20231117 09:51:52.934" endtime="20231117 09:51:52.934"/>
</kw>
<status status="PASS" starttime="20231117 09:51:52.934" endtime="20231117 09:51:52.934"/>
</kw>
<kw name="Output Should Contain" library="AppLibrary">
<arg>Invalid username or password</arg>
<status status="PASS" starttime="20231117 09:51:52.934" endtime="20231117 09:51:52.935"/>
</kw>
<status status="PASS" starttime="20231117 09:51:52.933" endtime="20231117 09:51:52.935"/>
</test>
<test id="s1-s1-t3" name="Login With Nonexistent Username" line="14">
<kw name="Create User And Input Login Command" type="SETUP">
<kw name="Create User" library="AppLibrary">
<arg>kalle</arg>
<arg>kalle123</arg>
<status status="PASS" starttime="20231117 09:51:52.935" endtime="20231117 09:51:52.935"/>
</kw>
<kw name="Input Login Command" library="resource">
<kw name="Input" library="AppLibrary">
<arg>login</arg>
<status status="PASS" starttime="20231117 09:51:52.935" endtime="20231117 09:51:52.936"/>
</kw>
<status status="PASS" starttime="20231117 09:51:52.935" endtime="20231117 09:51:52.936"/>
</kw>
<status status="PASS" starttime="20231117 09:51:52.935" endtime="20231117 09:51:52.936"/>
</kw>
<kw name="Input Credentials" library="resource">
<arg>kalle2</arg>
<arg>kalle123</arg>
<kw name="Input" library="AppLibrary">
<arg>${username}</arg>
<status status="PASS" starttime="20231117 09:51:52.936" endtime="20231117 09:51:52.936"/>
</kw>
<kw name="Input" library="AppLibrary">
<arg>${password}</arg>
<status status="PASS" starttime="20231117 09:51:52.936" endtime="20231117 09:51:52.936"/>
</kw>
<kw name="Run Application" library="AppLibrary">
<status status="PASS" starttime="20231117 09:51:52.936" endtime="20231117 09:51:52.936"/>
</kw>
<status status="PASS" starttime="20231117 09:51:52.936" endtime="20231117 09:51:52.936"/>
</kw>
<kw name="Output Should Contain" library="AppLibrary">
<arg>Invalid username or password</arg>
<status status="PASS" starttime="20231117 09:51:52.936" endtime="20231117 09:51:52.936"/>
</kw>
<status status="PASS" starttime="20231117 09:51:52.935" endtime="20231117 09:51:52.936"/>
</test>
<status status="PASS" starttime="20231117 09:51:52.928" endtime="20231117 09:51:52.937"/>
</suite>
<suite id="s1-s2" name="Register" source="/home/brotholi/gitprojects/ohtu-palautusrepositorio/viikko3/login-robot/src/tests/register.robot">
<test id="s1-s2-t1" name="Register With Valid Username And Password" line="6">
<kw name="Input New Command And Create User" type="SETUP">
<kw name="Create User" library="AppLibrary">
<arg>kalle</arg>
<arg>kalle123</arg>
<status status="PASS" starttime="20231117 09:51:52.940" endtime="20231117 09:51:52.940"/>
</kw>
<kw name="Input New Command" library="resource">
<kw name="Input" library="AppLibrary">
<arg>new</arg>
<status status="PASS" starttime="20231117 09:51:52.940" endtime="20231117 09:51:52.940"/>
</kw>
<status status="PASS" starttime="20231117 09:51:52.940" endtime="20231117 09:51:52.940"/>
</kw>
<status status="PASS" starttime="20231117 09:51:52.939" endtime="20231117 09:51:52.940"/>
</kw>
<kw name="Input Credentials" library="resource">
<arg>kaisa</arg>
<arg>kaisa123</arg>
<kw name="Input" library="AppLibrary">
<arg>${username}</arg>
<status status="PASS" starttime="20231117 09:51:52.940" endtime="20231117 09:51:52.940"/>
</kw>
<kw name="Input" library="AppLibrary">
<arg>${password}</arg>
<status status="PASS" starttime="20231117 09:51:52.940" endtime="20231117 09:51:52.940"/>
</kw>
<kw name="Run Application" library="AppLibrary">
<status status="PASS" starttime="20231117 09:51:52.940" endtime="20231117 09:51:52.941"/>
</kw>
<status status="PASS" starttime="20231117 09:51:52.940" endtime="20231117 09:51:52.941"/>
</kw>
<kw name="Output Should Contain" library="AppLibrary">
<arg>New user registered</arg>
<status status="PASS" starttime="20231117 09:51:52.941" endtime="20231117 09:51:52.941"/>
</kw>
<status status="PASS" starttime="20231117 09:51:52.939" endtime="20231117 09:51:52.941"/>
</test>
<test id="s1-s2-t2" name="Register With Already Taken Username And Valid Password" line="10">
<kw name="Input New Command And Create User" type="SETUP">
<kw name="Create User" library="AppLibrary">
<arg>kalle</arg>
<arg>kalle123</arg>
<status status="PASS" starttime="20231117 09:51:52.941" endtime="20231117 09:51:52.942"/>
</kw>
<kw name="Input New Command" library="resource">
<kw name="Input" library="AppLibrary">
<arg>new</arg>
<status status="PASS" starttime="20231117 09:51:52.942" endtime="20231117 09:51:52.942"/>
</kw>
<status status="PASS" starttime="20231117 09:51:52.942" endtime="20231117 09:51:52.942"/>
</kw>
<status status="PASS" starttime="20231117 09:51:52.941" endtime="20231117 09:51:52.942"/>
</kw>
<kw name="Input Credentials" library="resource">
<arg>kalle</arg>
<arg>kalle123</arg>
<kw name="Input" library="AppLibrary">
<arg>${username}</arg>
<status status="PASS" starttime="20231117 09:51:52.943" endtime="20231117 09:51:52.943"/>
</kw>
<kw name="Input" library="AppLibrary">
<arg>${password}</arg>
<status status="PASS" starttime="20231117 09:51:52.943" endtime="20231117 09:51:52.943"/>
</kw>
<kw name="Run Application" library="AppLibrary">
<status status="PASS" starttime="20231117 09:51:52.943" endtime="20231117 09:51:52.943"/>
</kw>
<status status="PASS" starttime="20231117 09:51:52.942" endtime="20231117 09:51:52.943"/>
</kw>
<kw name="Output Should Contain" library="AppLibrary">
<arg>Username already exists</arg>
<status status="PASS" starttime="20231117 09:51:52.943" endtime="20231117 09:51:52.943"/>
</kw>
<status status="PASS" starttime="20231117 09:51:52.941" endtime="20231117 09:51:52.944"/>
</test>
<test id="s1-s2-t3" name="Register With Too Short Username And Valid Password" line="14">
<kw name="Input New Command And Create User" type="SETUP">
<kw name="Create User" library="AppLibrary">
<arg>kalle</arg>
<arg>kalle123</arg>
<status status="PASS" starttime="20231117 09:51:52.944" endtime="20231117 09:51:52.945"/>
</kw>
<kw name="Input New Command" library="resource">
<kw name="Input" library="AppLibrary">
<arg>new</arg>
<status status="PASS" starttime="20231117 09:51:52.945" endtime="20231117 09:51:52.945"/>
</kw>
<status status="PASS" starttime="20231117 09:51:52.945" endtime="20231117 09:51:52.945"/>
</kw>
<status status="PASS" starttime="20231117 09:51:52.944" endtime="20231117 09:51:52.945"/>
</kw>
<kw name="Input Credentials" library="resource">
<arg>ka</arg>
<arg>kaisu123</arg>
<kw name="Input" library="AppLibrary">
<arg>${username}</arg>
<status status="PASS" starttime="20231117 09:51:52.945" endtime="20231117 09:51:52.946"/>
</kw>
<kw name="Input" library="AppLibrary">
<arg>${password}</arg>
<status status="PASS" starttime="20231117 09:51:52.946" endtime="20231117 09:51:52.946"/>
</kw>
<kw name="Run Application" library="AppLibrary">
<status status="PASS" starttime="20231117 09:51:52.946" endtime="20231117 09:51:52.946"/>
</kw>
<status status="PASS" starttime="20231117 09:51:52.945" endtime="20231117 09:51:52.946"/>
</kw>
<kw name="Output Should Contain" library="AppLibrary">
<arg>Username must be at least 3 characters long</arg>
<status status="PASS" starttime="20231117 09:51:52.946" endtime="20231117 09:51:52.946"/>
</kw>
<status status="PASS" starttime="20231117 09:51:52.944" endtime="20231117 09:51:52.946"/>
</test>
<test id="s1-s2-t4" name="Register With Enough Long But Invalid Username And Valid Password" line="18">
<kw name="Input New Command And Create User" type="SETUP">
<kw name="Create User" library="AppLibrary">
<arg>kalle</arg>
<arg>kalle123</arg>
<status status="PASS" starttime="20231117 09:51:52.947" endtime="20231117 09:51:52.947"/>
</kw>
<kw name="Input New Command" library="resource">
<kw name="Input" library="AppLibrary">
<arg>new</arg>
<status status="PASS" starttime="20231117 09:51:52.947" endtime="20231117 09:51:52.947"/>
</kw>
<status status="PASS" starttime="20231117 09:51:52.947" endtime="20231117 09:51:52.947"/>
</kw>
<status status="PASS" starttime="20231117 09:51:52.947" endtime="20231117 09:51:52.947"/>
</kw>
<kw name="Input Credentials" library="resource">
<arg>123</arg>
<arg>kaisu123</arg>
<kw name="Input" library="AppLibrary">
<arg>${username}</arg>
<status status="PASS" starttime="20231117 09:51:52.948" endtime="20231117 09:51:52.948"/>
</kw>
<kw name="Input" library="AppLibrary">
<arg>${password}</arg>
<status status="PASS" starttime="20231117 09:51:52.948" endtime="20231117 09:51:52.948"/>
</kw>
<kw name="Run Application" library="AppLibrary">
<status status="PASS" starttime="20231117 09:51:52.948" endtime="20231117 09:51:52.948"/>
</kw>
<status status="PASS" starttime="20231117 09:51:52.947" endtime="20231117 09:51:52.948"/>
</kw>
<kw name="Output Should Contain" library="AppLibrary">
<arg>Username must consist of only a-z characters</arg>
<status status="PASS" starttime="20231117 09:51:52.948" endtime="20231117 09:51:52.948"/>
</kw>
<status status="PASS" starttime="20231117 09:51:52.947" endtime="20231117 09:51:52.948"/>
</test>
<test id="s1-s2-t5" name="Register With Valid Username And Too Short Password" line="22">
<kw name="Input New Command And Create User" type="SETUP">
<kw name="Create User" library="AppLibrary">
<arg>kalle</arg>
<arg>kalle123</arg>
<status status="PASS" starttime="20231117 09:51:52.949" endtime="20231117 09:51:52.949"/>
</kw>
<kw name="Input New Command" library="resource">
<kw name="Input" library="AppLibrary">
<arg>new</arg>
<status status="PASS" starttime="20231117 09:51:52.949" endtime="20231117 09:51:52.949"/>
</kw>
<status status="PASS" starttime="20231117 09:51:52.949" endtime="20231117 09:51:52.949"/>
</kw>
<status status="PASS" starttime="20231117 09:51:52.948" endtime="20231117 09:51:52.949"/>
</kw>
<kw name="Input Credentials" library="resource">
<arg>kaisu</arg>
<arg>ka</arg>
<kw name="Input" library="AppLibrary">
<arg>${username}</arg>
<status status="PASS" starttime="20231117 09:51:52.949" endtime="20231117 09:51:52.949"/>
</kw>
<kw name="Input" library="AppLibrary">
<arg>${password}</arg>
<status status="PASS" starttime="20231117 09:51:52.949" endtime="20231117 09:51:52.949"/>
</kw>
<kw name="Run Application" library="AppLibrary">
<status status="PASS" starttime="20231117 09:51:52.949" endtime="20231117 09:51:52.949"/>
</kw>
<status status="PASS" starttime="20231117 09:51:52.949" endtime="20231117 09:51:52.949"/>
</kw>
<kw name="Output Should Contain" library="AppLibrary">
<arg>Password must be at least 8 characters long</arg>
<status status="PASS" starttime="20231117 09:51:52.950" endtime="20231117 09:51:52.950"/>
</kw>
<status status="PASS" starttime="20231117 09:51:52.948" endtime="20231117 09:51:52.950"/>
</test>
<test id="s1-s2-t6" name="Register With Valid Username And Long Enough Password Containing Only Letters" line="26">
<kw name="Input New Command And Create User" type="SETUP">
<kw name="Create User" library="AppLibrary">
<arg>kalle</arg>
<arg>kalle123</arg>
<status status="PASS" starttime="20231117 09:51:52.950" endtime="20231117 09:51:52.950"/>
</kw>
<kw name="Input New Command" library="resource">
<kw name="Input" library="AppLibrary">
<arg>new</arg>
<status status="PASS" starttime="20231117 09:51:52.951" endtime="20231117 09:51:52.951"/>
</kw>
<status status="PASS" starttime="20231117 09:51:52.951" endtime="20231117 09:51:52.951"/>
</kw>
<status status="PASS" starttime="20231117 09:51:52.950" endtime="20231117 09:51:52.951"/>
</kw>
<kw name="Input Credentials" library="resource">
<arg>kaisu</arg>
<arg>kaisukaisu</arg>
<kw name="Input" library="AppLibrary">
<arg>${username}</arg>
<status status="PASS" starttime="20231117 09:51:52.951" endtime="20231117 09:51:52.951"/>
</kw>
<kw name="Input" library="AppLibrary">
<arg>${password}</arg>
<status status="PASS" starttime="20231117 09:51:52.951" endtime="20231117 09:51:52.951"/>
</kw>
<kw name="Run Application" library="AppLibrary">
<status status="PASS" starttime="20231117 09:51:52.951" endtime="20231117 09:51:52.951"/>
</kw>
<status status="PASS" starttime="20231117 09:51:52.951" endtime="20231117 09:51:52.951"/>
</kw>
<kw name="Output Should Contain" library="AppLibrary">
<arg>Password must contain at least one number</arg>
<status status="PASS" starttime="20231117 09:51:52.951" endtime="20231117 09:51:52.952"/>
</kw>
<status status="PASS" starttime="20231117 09:51:52.950" endtime="20231117 09:51:52.952"/>
</test>
<status status="PASS" starttime="20231117 09:51:52.937" endtime="20231117 09:51:52.952"/>
</suite>
<status status="PASS" starttime="20231117 09:51:52.917" endtime="20231117 09:51:52.952"/>
</suite>
<statistics>
<total>
<stat pass="9" fail="0" skip="0">All Tests</stat>
</total>
<tag>
</tag>
<suite>
<stat pass="9" fail="0" skip="0" id="s1" name="Tests">Tests</stat>
<stat pass="3" fail="0" skip="0" id="s1-s1" name="Login">Tests.Login</stat>
<stat pass="6" fail="0" skip="0" id="s1-s2" name="Register">Tests.Register</stat>
</suite>
</statistics>
<errors>
</errors>
</robot>
